{"level":"info","message":"Hello from acquisitions api!","service":"acquisitions-api"}
{"level":"info","message":"::1 - - [19/Oct/2025:11:40:26 +0000] \"GET / HTTP/1.1\" 304 - \"-\" \"Mozilla/5.0 (Windows NT 10.0; Win64; x64) AppleWebKit/537.36 (KHTML, like Gecko) Chrome/141.0.0.0 Safari/537.36\"","service":"acquisitions-api"}
{"level":"info","message":"Hello from acquisitions api!","service":"acquisitions-api"}
{"level":"info","message":"::1 - - [19/Oct/2025:12:51:41 +0000] \"GET / HTTP/1.1\" 304 - \"-\" \"Mozilla/5.0 (Windows NT 10.0; Win64; x64) AppleWebKit/537.36 (KHTML, like Gecko) Chrome/141.0.0.0 Safari/537.36\"","service":"acquisitions-api"}
{"level":"info","message":"Hello from acquisitions api!","service":"acquisitions-api"}
{"level":"info","message":"::1 - - [19/Oct/2025:12:54:49 +0000] \"GET / HTTP/1.1\" 200 28 \"-\" \"HTTPie\"","service":"acquisitions-api"}
{"level":"info","message":"::1 - - [19/Oct/2025:12:54:52 +0000] \"GET /api HTTP/1.1\" 404 142 \"-\" \"HTTPie\"","service":"acquisitions-api"}
{"level":"info","message":"::1 - - [19/Oct/2025:12:54:56 +0000] \"GET /api HTTP/1.1\" 404 142 \"-\" \"HTTPie\"","service":"acquisitions-api"}
{"level":"info","message":"::1 - - [19/Oct/2025:12:55:08 +0000] \"GET /health HTTP/1.1\" 500 1218 \"-\" \"HTTPie\"","service":"acquisitions-api"}
{"level":"info","message":"::1 - - [19/Oct/2025:12:55:11 +0000] \"GET /api HTTP/1.1\" 404 142 \"-\" \"HTTPie\"","service":"acquisitions-api"}
{"level":"info","message":"::1 - - [19/Oct/2025:12:56:00 +0000] \"GET /api HTTP/1.1\" 404 142 \"-\" \"HTTPie\"","service":"acquisitions-api"}
{"level":"info","message":"::1 - - [19/Oct/2025:12:56:15 +0000] \"GET /api/status HTTP/1.1\" 200 27 \"-\" \"HTTPie\"","service":"acquisitions-api"}
{"level":"info","message":"::1 - - [19/Oct/2025:12:56:39 +0000] \"GET /api/status HTTP/1.1\" 404 149 \"-\" \"HTTPie\"","service":"acquisitions-api"}
{"level":"info","message":"::1 - - [19/Oct/2025:12:56:42 +0000] \"GET /api HTTP/1.1\" 200 40 \"-\" \"HTTPie\"","service":"acquisitions-api"}
{"level":"info","message":"::1 - - [19/Oct/2025:12:57:00 +0000] \"GET /health HTTP/1.1\" 500 1218 \"-\" \"HTTPie\"","service":"acquisitions-api"}
{"level":"info","message":"::1 - - [19/Oct/2025:12:58:07 +0000] \"GET /health HTTP/1.1\" 200 68 \"-\" \"HTTPie\"","service":"acquisitions-api"}
{"level":"info","message":"::1 - - [19/Oct/2025:12:58:11 +0000] \"GET /health HTTP/1.1\" 200 68 \"-\" \"HTTPie\"","service":"acquisitions-api"}
{"level":"info","message":"::1 - - [19/Oct/2025:12:58:12 +0000] \"GET /health HTTP/1.1\" 200 68 \"-\" \"HTTPie\"","service":"acquisitions-api"}
{"level":"info","message":"::1 - - [19/Oct/2025:12:58:13 +0000] \"GET /health HTTP/1.1\" 200 68 \"-\" \"HTTPie\"","service":"acquisitions-api"}
{"level":"info","message":"::1 - - [19/Oct/2025:12:58:13 +0000] \"GET /health HTTP/1.1\" 200 69 \"-\" \"HTTPie\"","service":"acquisitions-api"}
{"level":"info","message":"::1 - - [19/Oct/2025:12:58:14 +0000] \"GET /health HTTP/1.1\" 200 69 \"-\" \"HTTPie\"","service":"acquisitions-api"}
{"level":"info","message":"::1 - - [19/Oct/2025:12:58:15 +0000] \"GET /health HTTP/1.1\" 200 69 \"-\" \"HTTPie\"","service":"acquisitions-api"}
{"level":"info","message":"::1 - - [19/Oct/2025:12:58:15 +0000] \"GET /health HTTP/1.1\" 200 69 \"-\" \"HTTPie\"","service":"acquisitions-api"}
{"level":"info","message":"::1 - - [19/Oct/2025:12:58:16 +0000] \"GET /health HTTP/1.1\" 200 69 \"-\" \"HTTPie\"","service":"acquisitions-api"}
{"level":"info","message":"::1 - - [19/Oct/2025:12:58:34 +0000] \"POST /api/auth/sign-in HTTP/1.1\" 404 156 \"-\" \"HTTPie\"","service":"acquisitions-api"}
{"level":"info","message":"::1 - - [19/Oct/2025:13:00:36 +0000] \"POST /api/auth/sign-in HTTP/1.1\" 200 26 \"-\" \"HTTPie\"","service":"acquisitions-api"}
{"level":"info","message":"::1 - - [19/Oct/2025:13:23:11 +0000] \"POST /api/auth/sign-up HTTP/1.1\" 200 26 \"-\" \"HTTPie\"","service":"acquisitions-api"}
{"level":"info","message":"::1 - - [19/Oct/2025:13:30:37 +0000] \"POST /api/auth/sign-up HTTP/1.1\" 400 59 \"-\" \"HTTPie\"","service":"acquisitions-api"}
{"level":"info","message":"::1 - - [19/Oct/2025:13:31:48 +0000] \"POST /api/auth/sign-up HTTP/1.1\" 400 59 \"-\" \"HTTPie\"","service":"acquisitions-api"}
{"level":"info","message":"::1 - - [19/Oct/2025:13:33:00 +0000] \"POST /api/auth/sign-up HTTP/1.1\" 400 59 \"-\" \"HTTPie\"","service":"acquisitions-api"}
{"level":"info","message":"::1 - - [19/Oct/2025:13:33:03 +0000] \"POST /api/auth/sign-up HTTP/1.1\" 400 59 \"-\" \"HTTPie\"","service":"acquisitions-api"}
{"level":"info","message":"User registered successfully: contact@jsmastery.com","service":"acquisitions-api"}
{"level":"info","message":"::1 - - [19/Oct/2025:13:34:06 +0000] \"POST /api/auth/sign-up HTTP/1.1\" 201 106 \"-\" \"HTTPie\"","service":"acquisitions-api"}
{"level":"error","message":"Sign-up Error password is not defined","service":"acquisitions-api","stack":"ReferenceError: password is not defined\n    at signup (file:///C:/Users/Ayush/learning/acquisitions/src/controllers/auth.controller.js:20:53)\n    at Layer.handleRequest (C:\\Users\\Ayush\\learning\\acquisitions\\node_modules\\router\\lib\\layer.js:152:17)\n    at next (C:\\Users\\Ayush\\learning\\acquisitions\\node_modules\\router\\lib\\route.js:157:13)\n    at Route.dispatch (C:\\Users\\Ayush\\learning\\acquisitions\\node_modules\\router\\lib\\route.js:117:3)\n    at handle (C:\\Users\\Ayush\\learning\\acquisitions\\node_modules\\router\\index.js:435:11)\n    at Layer.handleRequest (C:\\Users\\Ayush\\learning\\acquisitions\\node_modules\\router\\lib\\layer.js:152:17)\n    at C:\\Users\\Ayush\\learning\\acquisitions\\node_modules\\router\\index.js:295:15\n    at processParams (C:\\Users\\Ayush\\learning\\acquisitions\\node_modules\\router\\index.js:582:12)\n    at next (C:\\Users\\Ayush\\learning\\acquisitions\\node_modules\\router\\index.js:291:5)\n    at Function.handle (C:\\Users\\Ayush\\learning\\acquisitions\\node_modules\\router\\index.js:186:3)"}
{"level":"info","message":"::1 - - [19/Oct/2025:13:54:58 +0000] \"POST /api/auth/sign-up HTTP/1.1\" 500 1244 \"-\" \"HTTPie\"","service":"acquisitions-api"}
{"level":"error","message":"Sign-up Error password is not defined","service":"acquisitions-api","stack":"ReferenceError: password is not defined\n    at signup (file:///C:/Users/Ayush/learning/acquisitions/src/controllers/auth.controller.js:20:53)\n    at Layer.handleRequest (C:\\Users\\Ayush\\learning\\acquisitions\\node_modules\\router\\lib\\layer.js:152:17)\n    at next (C:\\Users\\Ayush\\learning\\acquisitions\\node_modules\\router\\lib\\route.js:157:13)\n    at Route.dispatch (C:\\Users\\Ayush\\learning\\acquisitions\\node_modules\\router\\lib\\route.js:117:3)\n    at handle (C:\\Users\\Ayush\\learning\\acquisitions\\node_modules\\router\\index.js:435:11)\n    at Layer.handleRequest (C:\\Users\\Ayush\\learning\\acquisitions\\node_modules\\router\\lib\\layer.js:152:17)\n    at C:\\Users\\Ayush\\learning\\acquisitions\\node_modules\\router\\index.js:295:15\n    at processParams (C:\\Users\\Ayush\\learning\\acquisitions\\node_modules\\router\\index.js:582:12)\n    at next (C:\\Users\\Ayush\\learning\\acquisitions\\node_modules\\router\\index.js:291:5)\n    at Function.handle (C:\\Users\\Ayush\\learning\\acquisitions\\node_modules\\router\\index.js:186:3)"}
{"level":"info","message":"::1 - - [19/Oct/2025:13:55:29 +0000] \"POST /api/auth/sign-up HTTP/1.1\" 500 1244 \"-\" \"HTTPie\"","service":"acquisitions-api"}
{"level":"error","message":"Sign-up Error password is not defined","service":"acquisitions-api","stack":"ReferenceError: password is not defined\n    at signup (file:///C:/Users/Ayush/learning/acquisitions/src/controllers/auth.controller.js:20:53)\n    at Layer.handleRequest (C:\\Users\\Ayush\\learning\\acquisitions\\node_modules\\router\\lib\\layer.js:152:17)\n    at next (C:\\Users\\Ayush\\learning\\acquisitions\\node_modules\\router\\lib\\route.js:157:13)\n    at Route.dispatch (C:\\Users\\Ayush\\learning\\acquisitions\\node_modules\\router\\lib\\route.js:117:3)\n    at handle (C:\\Users\\Ayush\\learning\\acquisitions\\node_modules\\router\\index.js:435:11)\n    at Layer.handleRequest (C:\\Users\\Ayush\\learning\\acquisitions\\node_modules\\router\\lib\\layer.js:152:17)\n    at C:\\Users\\Ayush\\learning\\acquisitions\\node_modules\\router\\index.js:295:15\n    at processParams (C:\\Users\\Ayush\\learning\\acquisitions\\node_modules\\router\\index.js:582:12)\n    at next (C:\\Users\\Ayush\\learning\\acquisitions\\node_modules\\router\\index.js:291:5)\n    at Function.handle (C:\\Users\\Ayush\\learning\\acquisitions\\node_modules\\router\\index.js:186:3)"}
{"level":"info","message":"::1 - - [19/Oct/2025:13:56:28 +0000] \"POST /api/auth/sign-up HTTP/1.1\" 500 1249 \"-\" \"HTTPie\"","service":"acquisitions-api"}
{"level":"error","message":"Error creating user: db.select is not a function","service":"acquisitions-api"}
{"level":"error","message":"Sign-up Error db.select is not a function","service":"acquisitions-api","stack":"TypeError: db.select is not a function\n    at createUser (file:///C:/Users/Ayush/learning/acquisitions/src/services/auth.service.js:18:39)\n    at signup (file:///C:/Users/Ayush/learning/acquisitions/src/controllers/auth.controller.js:21:28)\n    at Layer.handleRequest (C:\\Users\\Ayush\\learning\\acquisitions\\node_modules\\router\\lib\\layer.js:152:17)\n    at next (C:\\Users\\Ayush\\learning\\acquisitions\\node_modules\\router\\lib\\route.js:157:13)\n    at Route.dispatch (C:\\Users\\Ayush\\learning\\acquisitions\\node_modules\\router\\lib\\route.js:117:3)\n    at handle (C:\\Users\\Ayush\\learning\\acquisitions\\node_modules\\router\\index.js:435:11)\n    at Layer.handleRequest (C:\\Users\\Ayush\\learning\\acquisitions\\node_modules\\router\\lib\\layer.js:152:17)\n    at C:\\Users\\Ayush\\learning\\acquisitions\\node_modules\\router\\index.js:295:15\n    at processParams (C:\\Users\\Ayush\\learning\\acquisitions\\node_modules\\router\\index.js:582:12)\n    at next (C:\\Users\\Ayush\\learning\\acquisitions\\node_modules\\router\\index.js:291:5)"}
{"level":"info","message":"::1 - - [19/Oct/2025:13:56:52 +0000] \"POST /api/auth/sign-up HTTP/1.1\" 500 1251 \"-\" \"HTTPie\"","service":"acquisitions-api"}
{"level":"info","message":"New user created: ltsaayushk193@gmail.com","service":"acquisitions-api"}
{"level":"info","message":"User registered successfully: ltsaayushk193@gmail.com","service":"acquisitions-api"}
{"level":"info","message":"::1 - - [19/Oct/2025:14:00:37 +0000] \"POST /api/auth/sign-up HTTP/1.1\" 201 108 \"-\" \"HTTPie\"","service":"acquisitions-api"}
{"level":"error","message":"Error creating user: User already exists","service":"acquisitions-api"}
{"level":"error","message":"Sign-up Error User already exists","service":"acquisitions-api","stack":"Error: User already exists\n    at createUser (file:///C:/Users/Ayush/learning/acquisitions/src/services/auth.service.js:20:44)\n    at process.processTicksAndRejections (node:internal/process/task_queues:105:5)\n    at async signup (file:///C:/Users/Ayush/learning/acquisitions/src/controllers/auth.controller.js:21:22)"}
{"level":"info","message":"::1 - - [19/Oct/2025:14:01:18 +0000] \"POST /api/auth/sign-up HTTP/1.1\" 500 483 \"-\" \"HTTPie\"","service":"acquisitions-api"}
{"level":"error","message":"Error creating user: User already exists","service":"acquisitions-api"}
{"level":"error","message":"Sign-up Error User already exists","service":"acquisitions-api","stack":"Error: User already exists\n    at createUser (file:///C:/Users/Ayush/learning/acquisitions/src/services/auth.service.js:20:44)\n    at process.processTicksAndRejections (node:internal/process/task_queues:105:5)\n    at async signup (file:///C:/Users/Ayush/learning/acquisitions/src/controllers/auth.controller.js:21:22)"}
{"level":"info","message":"::1 - - [19/Oct/2025:14:01:39 +0000] \"POST /api/auth/sign-up HTTP/1.1\" 500 483 \"-\" \"HTTPie\"","service":"acquisitions-api"}
{"level":"info","message":"New user created: ayushkumar2582006yt@gmail.com","service":"acquisitions-api"}
{"level":"info","message":"User registered successfully: ayushkumar2582006yt@gmail.com","service":"acquisitions-api"}
{"level":"info","message":"::1 - - [19/Oct/2025:14:01:53 +0000] \"POST /api/auth/sign-up HTTP/1.1\" 201 114 \"-\" \"HTTPie\"","service":"acquisitions-api"}
